<?xml version="1.0" encoding="UTF-8"?>
<beans xmlns="http://www.springframework.org/schema/beans"
       xmlns:xsi="http://www.w3.org/2001/XMLSchema-instance"
       xmlns:tx="http://www.springframework.org/schema/tx"
       xsi:schemaLocation="http://www.springframework.org/schema/beans http://www.springframework.org/schema/beans/spring-beans-3.0.xsd

	http://www.springframework.org/schema/tx http://www.springframework.org/schema/tx/spring-tx-3.0.xsd">

    <bean id="dataSource" class="org.logicalcobwebs.proxool.ProxoolDataSource">
        <property name="driver" value="${datasource.driver}"/>
        <property name="driverUrl" value="${datasource.url}"/>
        <property name="user" value="${datasource.username}"/>
        <property name="password" value="${datasource.password}"/>
        <property name="alias" value="arya"/>
        <property name="maximumConnectionCount" value="${datasource.conn.max}"/>
        <property name="minimumConnectionCount" value="${datasource.conn.min}"/>
        <property name="jmx" value="true"/>
        <property name="statistics" value="1m,15m,1d"/>
    </bean>



    <!-- Hibernate Session Factory -->
    <bean id="sessionFactory" class="org.springframework.orm.hibernate4.LocalSessionFactoryBean">
        <property name="dataSource" ref="dataSource"/>
        <property name="packagesToScan">
            <list>
                <value>com.bumu</value>
            </list>
        </property>
        <property name="hibernateProperties">
            <props>
                <prop key="hibernate.dialect">org.hibernate.dialect.${dataSource.dbType}Dialect</prop>
                <prop key="hibernate.show_sql">true</prop>
            </props>
        </property>
    </bean>

    <bean id="hibernateTemplate" class="org.springframework.orm.hibernate4.HibernateTemplate">
        <property name="sessionFactory" ref="sessionFactory"/>
    </bean>


    <!-- Transaction Manager -->
    <bean id="jdbcTrxManager" class="org.springframework.jdbc.datasource.DataSourceTransactionManager">
        <property name="dataSource" ref="dataSource"/>
    </bean>

    <bean id="hibernateTrxManager" class="org.springframework.orm.hibernate4.HibernateTransactionManager">
        <property name="sessionFactory" ref="sessionFactory"/>
    </bean>

    <tx:annotation-driven transaction-manager="hibernateTrxManager"/>

</beans>
